make all --print-data-base --no-builtin-variables --no-builtin-rules --question
# GNU Make 4.2.1
# Built for x86_64-pc-linux-gnu
# Copyright (C) 1988-2016 Free Software Foundation, Inc.
# License GPLv3+: GNU GPL version 3 or later <http://gnu.org/licenses/gpl.html>
# This is free software: you are free to change and redistribute it.
# There is NO WARRANTY, to the extent permitted by law.

# Make data base, printed on Fri Jul  8 14:01:37 2022

# Variables

# automatic
<D = $(patsubst %/,%,$(dir $<))
# automatic
?F = $(notdir $?)
# default
.SHELLFLAGS := -c
# environment
XDG_SESSION_CLASS = user
# environment
VSCODE_AGENT_FOLDER = /home/giovanni/.vscode-server
# environment
XDG_SESSION_TYPE = tty
# automatic
?D = $(patsubst %/,%,$(dir $?))
# automatic
@D = $(patsubst %/,%,$(dir $@))
# automatic
@F = $(notdir $@)
# default
MAKE_VERSION := 4.2.1
# makefile
CURDIR := /home/giovanni/py2cpp2
# makefile
SHELL = /bin/sh
# environment
VSCODE_NLS_CONFIG = {"locale":"en","availableLanguages":{}}
# environment
_ = /home/giovanni/.vscode-server/bin/92d25e35d9bf1a6b16f7d0758f25d48ace11e5b9/node
# makefile
MAKEFILE_LIST := 
# 'override' directive
GNUMAKEFLAGS := 
# environment
XDG_DATA_DIRS = /usr/local/share:/usr/share:/var/lib/snapd/desktop
# environment
DBUS_SESSION_BUS_ADDRESS = unix:path=/run/user/1001/bus
# environment
LESSOPEN = | /usr/bin/lesspipe %s
# environment
VSCODE_CWD = /home/giovanni
# environment
SSH_CONNECTION = 192.168.5.1 53174 192.168.6.52 22
# environment
PATH = /home/giovanni/.vscode-server/bin/92d25e35d9bf1a6b16f7d0758f25d48ace11e5b9/bin/remote-cli:/home/giovanni/.local/bin:/home/giovanni/.cargo/bin:/home/giovanni/.local/bin:/usr/local/sbin:/usr/local/bin:/usr/sbin:/usr/bin:/sbin:/bin:/usr/games:/usr/local/games:/snap/bin
# environment
XDG_RUNTIME_DIR = /run/user/1001
# environment
ELECTRON_RUN_AS_NODE = 1
# environment
VSCODE_IPC_HOOK_CLI = /run/user/1001/vscode-ipc-43fd2c42-df9f-44c7-849d-bd60eeb6c076.sock
# default
.FEATURES := target-specific order-only second-expansion else-if shortest-stem undefine oneshell archives jobserver output-sync check-symlink load
# environment
LS_COLORS = 
# automatic
%F = $(notdir $%)
# environment
PWD = /home/giovanni/py2cpp2
# default
.LOADED := 
# automatic
*D = $(patsubst %/,%,$(dir $*))
# environment
VSCODE_AMD_ENTRYPOINT = vs/workbench/api/node/extensionHostProcess
# environment
HOME = /home/giovanni
# environment
LESSCLOSE = /usr/bin/lesspipe %s %s
# environment
LOGNAME = giovanni
# environment
APPLICATION_INSIGHTS_NO_DIAGNOSTIC_CHANNEL = 1
# automatic
+F = $(notdir $+)
# environment
VSCODE_HANDLES_UNCAUGHT_ERRORS = true
# automatic
^D = $(patsubst %/,%,$(dir $^))
# environment
MAKELEVEL := 0
# default
MAKE = $(MAKE_COMMAND)
# default
MAKECMDGOALS := all
# environment
SHLVL = 1
# environment
XDG_SESSION_ID = 33299
# environment
USER = giovanni
# makefile
.DEFAULT_GOAL := 
# automatic
%D = $(patsubst %/,%,$(dir $%))
# default
MAKE_COMMAND := make
# default
.VARIABLES := 
# automatic
*F = $(notdir $*)
# makefile
MAKEFLAGS = pqrR
# environment
MFLAGS = -pqrR
# environment
SSH_CLIENT = 192.168.5.1 53174 22
# automatic
+D = $(patsubst %/,%,$(dir $+))
# environment
BROWSER = /home/giovanni/.vscode-server/bin/92d25e35d9bf1a6b16f7d0758f25d48ace11e5b9/bin/helpers/browser.sh
# environment
VSCODE_HANDLES_SIGPIPE = true
# default
MAKEFILES := 
# automatic
<F = $(notdir $<)
# environment
PS1 = \u@\h \W\[\033[32m\]$(parse_git_branch)\[\033[00m\]\n$ 
# environment
LC_ALL = C
# automatic
^F = $(notdir $^)
# default
SUFFIXES := 
# default
.INCLUDE_DIRS = /usr/include /usr/local/include /usr/include
# default
.RECIPEPREFIX := 
# default
MAKE_HOST := x86_64-pc-linux-gnu
# environment
LANG = C
# environment
MOTD_SHOWN = pam
# variable set hash-table stats:
# Load=67/1024=7%, Rehash=0, Collisions=9/89=10%

# Pattern-specific Variable Values

# No pattern-specific variable values.

# Directories

# . (device 224, inode 1036311): 8 files, no impossibilities.

# 8 files, no impossibilities in 1 directories.

# Implicit Rules

# No implicit rules.

# Files

# Not a target:
all:
#  Command line target.
#  Implicit rule search has been done.
#  File does not exist.
#  File has not been updated.

# Not a target:
Makefile:
#  Implicit rule search has been done.
#  File does not exist.
#  File has been updated.
#  Failed to be updated.

# Not a target:
makefile:
#  Implicit rule search has been done.
#  File does not exist.
#  File has been updated.
#  Failed to be updated.

# Not a target:
.DEFAULT:
#  Implicit rule search has not been done.
#  Modification time never checked.
#  File has not been updated.

# Not a target:
GNUmakefile:
#  Implicit rule search has been done.
#  File does not exist.
#  File has been updated.
#  Failed to be updated.

# files hash-table stats:
# Load=6/1024=1%, Rehash=0, Collisions=0/15=0%
# VPATH Search Paths

# No 'vpath' search paths.

# No general ('VPATH' variable) search path.

# strcache buffers: 1 (0) / strings = 16 / storage = 144 B / avg = 9 B
# current buf: size = 8162 B / used = 144 B / count = 16 / avg = 9 B

# strcache performance: lookups = 19 / hit rate = 15%
# hash-table stats:
# Load=16/8192=0%, Rehash=0, Collisions=1/19=5%
# Finished Make data base on Fri Jul  8 14:01:37 2022

 
make: *** No rule to make target 'all'.  Stop.

